BEGIN;
BEGIN
EXPLAIN
select
	sum(l_extendedprice* (1 - l_discount)) as revenue
from
	lineitem,
	part
where
	(
		p_partkey = l_partkey
		and p_brand = 'Brand#11'
		and p_container in ('SM CASE', 'SM BOX', 'SM PACK', 'SM PKG')
		and l_quantity >= 5 and l_quantity <= 5+10
		and p_size between 1 and 5
		and l_shipmode in ('AIR', 'AIR REG')
		and l_shipinstruct = 'DELIVER IN PERSON'
	)
	or
	(
		p_partkey = l_partkey
		and p_brand = 'Brand#53'
		and p_container in ('MED BAG', 'MED BOX', 'MED PKG', 'MED PACK')
		and l_quantity >= 19 and l_quantity <= 19+10
		and p_size between 1 and 10
		and l_shipmode in ('AIR', 'AIR REG')
		and l_shipinstruct = 'DELIVER IN PERSON'
	)
	or
	(
		p_partkey = l_partkey
		and p_brand = 'Brand#43'
		and p_container in ('LG CASE', 'LG BOX', 'LG PACK', 'LG PKG')
		and l_quantity >= 27 and l_quantity <= 27+10
		and p_size between 1 and 15
		and l_shipmode in ('AIR', 'AIR REG')
		and l_shipinstruct = 'DELIVER IN PERSON'
	);
                                                                                                                                                                                                                                                                                                                                                                                                                                                                                                                                   QUERY PLAN                                                                                                                                                                                                                                                                                                                                                                                                                                                                                                                                    
---------------------------------------------------------------------------------------------------------------------------------------------------------------------------------------------------------------------------------------------------------------------------------------------------------------------------------------------------------------------------------------------------------------------------------------------------------------------------------------------------------------------------------------------------------------------------------------------------------------------------------------------------------------------------------------------------------------------------------------------------------------------------------------------------------------------------------------------------------------------------------------------------------------------------------------------------------------------------------------------------------------------------------------------------------------------------------
 Aggregate  (cost=1651219.99..1651220.00 rows=1 width=8)
   ->  Nested Loop  (cost=260174.09..1651140.01 rows=10664 width=8)
         ->  Bitmap Heap Scan on part  (cost=260173.51..399524.88 rows=48632 width=30)
               Recheck Cond: (((p_container = ANY ('{"SM CASE","SM BOX","SM PACK","SM PKG"}'::bpchar[])) AND (p_brand = 'Brand#11'::bpchar) AND (p_size <= 5) AND (p_size >= 1)) OR ((p_container = ANY ('{"MED BAG","MED BOX","MED PKG","MED PACK"}'::bpchar[])) AND (p_brand = 'Brand#53'::bpchar) AND (p_size <= 10) AND (p_size >= 1)) OR ((p_container = ANY ('{"LG CASE","LG BOX","LG PACK","LG PKG"}'::bpchar[])) AND (p_brand = 'Brand#43'::bpchar) AND (p_size <= 15) AND (p_size >= 1)))
               ->  BitmapOr  (cost=260173.51..260173.51 rows=48667 width=0)
                     ->  BitmapAnd  (cost=44763.16..44763.16 rows=7847 width=0)
                           ->  Bitmap Index Scan on part_p_container_p_brand_p_partkey_idx  (cost=0.00..2688.81 rows=78258 width=0)
                                 Index Cond: ((p_container = ANY ('{"SM CASE","SM BOX","SM PACK","SM PKG"}'::bpchar[])) AND (p_brand = 'Brand#11'::bpchar))
                           ->  Bitmap Index Scan on part_p_size_idx  (cost=0.00..42049.79 rows=2005335 width=0)
                                 Index Cond: ((p_size <= 5) AND (p_size >= 1))
                     ->  BitmapAnd  (cost=86635.92..86635.92 rows=15337 width=0)
                           ->  Bitmap Index Scan on part_p_container_p_brand_p_partkey_idx  (cost=0.00..2640.21 rows=76597 width=0)
                                 Index Cond: ((p_container = ANY ('{"MED BAG","MED BOX","MED PKG","MED PACK"}'::bpchar[])) AND (p_brand = 'Brand#53'::bpchar))
                           ->  Bitmap Index Scan on part_p_size_idx  (cost=0.00..83971.15 rows=4004671 width=0)
                                 Index Cond: ((p_size <= 10) AND (p_size >= 1))
                     ->  BitmapAnd  (cost=128773.92..128773.92 rows=25484 width=0)
                           ->  Bitmap Index Scan on part_p_container_p_brand_p_partkey_idx  (cost=0.00..2911.53 rows=84926 width=0)
                                 Index Cond: ((p_container = ANY ('{"LG CASE","LG BOX","LG PACK","LG PKG"}'::bpchar[])) AND (p_brand = 'Brand#43'::bpchar))
                           ->  Bitmap Index Scan on part_p_size_idx  (cost=0.00..125837.83 rows=6001339 width=0)
                                 Index Cond: ((p_size <= 15) AND (p_size >= 1))
         ->  Index Scan using lineitem_l_partkey_l_quantity_l_shipmode_idx on lineitem  (cost=0.57..25.73 rows=1 width=16)
               Index Cond: ((l_partkey = part.p_partkey) AND (l_shipmode = ANY ('{AIR,"AIR REG"}'::bpchar[])))
               Filter: ((l_shipinstruct = 'DELIVER IN PERSON'::bpchar) AND (((l_quantity >= '5'::double precision) AND (l_quantity <= '15'::double precision)) OR ((l_quantity >= '19'::double precision) AND (l_quantity <= '29'::double precision)) OR ((l_quantity >= '27'::double precision) AND (l_quantity <= '37'::double precision))) AND (((part.p_brand = 'Brand#11'::bpchar) AND (part.p_container = ANY ('{"SM CASE","SM BOX","SM PACK","SM PKG"}'::bpchar[])) AND (l_quantity >= '5'::double precision) AND (l_quantity <= '15'::double precision) AND (part.p_size <= 5)) OR ((part.p_brand = 'Brand#53'::bpchar) AND (part.p_container = ANY ('{"MED BAG","MED BOX","MED PKG","MED PACK"}'::bpchar[])) AND (l_quantity >= '19'::double precision) AND (l_quantity <= '29'::double precision) AND (part.p_size <= 10)) OR ((part.p_brand = 'Brand#43'::bpchar) AND (part.p_container = ANY ('{"LG CASE","LG BOX","LG PACK","LG PKG"}'::bpchar[])) AND (l_quantity >= '27'::double precision) AND (l_quantity <= '37'::double precision) AND (part.p_size <= 15))))
(23 rows)

COMMIT;
COMMIT
